<?xml version="1.0" encoding="UTF-8"?>
<testsuite xmlns:xsi="http://www.w3.org/2001/XMLSchema-instance" xsi:noNamespaceSchemaLocation="https://maven.apache.org/surefire/maven-surefire-plugin/xsd/surefire-test-report.xsd" name="com.epam.redkin.model.repository.TestUserRepository" time="0.845" tests="118" errors="0" skipped="0" failures="0">
  <properties>
    <property name="java.specification.version" value="19"/>
    <property name="sun.jnu.encoding" value="UTF-8"/>
    <property name="java.class.path" value="/Users/denis/Documents/Den/epam_lessons/fwdfinaltask/Railway/target/test-classes:/Users/denis/Documents/Den/epam_lessons/fwdfinaltask/Railway/target/classes:/Users/denis/.m2/repository/org/junit/jupiter/junit-jupiter-engine/5.9.1/junit-jupiter-engine-5.9.1.jar:/Users/denis/.m2/repository/org/junit/platform/junit-platform-engine/1.9.1/junit-platform-engine-1.9.1.jar:/Users/denis/.m2/repository/org/opentest4j/opentest4j/1.2.0/opentest4j-1.2.0.jar:/Users/denis/.m2/repository/org/junit/platform/junit-platform-commons/1.9.1/junit-platform-commons-1.9.1.jar:/Users/denis/.m2/repository/org/junit/jupiter/junit-jupiter-api/5.9.1/junit-jupiter-api-5.9.1.jar:/Users/denis/.m2/repository/org/apiguardian/apiguardian-api/1.1.2/apiguardian-api-1.1.2.jar:/Users/denis/.m2/repository/org/junit/jupiter/junit-jupiter-params/5.9.1/junit-jupiter-params-5.9.1.jar:/Users/denis/.m2/repository/com/zaxxer/HikariCP/5.0.1/HikariCP-5.0.1.jar:/Users/denis/.m2/repository/jakarta/servlet/jakarta.servlet-api/6.0.0/jakarta.servlet-api-6.0.0.jar:/Users/denis/.m2/repository/com/mysql/mysql-connector-j/8.0.31/mysql-connector-j-8.0.31.jar:/Users/denis/.m2/repository/com/google/protobuf/protobuf-java/3.19.4/protobuf-java-3.19.4.jar:/Users/denis/.m2/repository/jakarta/servlet/jsp/jakarta.servlet.jsp-api/3.1.0/jakarta.servlet.jsp-api-3.1.0.jar:/Users/denis/.m2/repository/jakarta/servlet/jsp/jstl/jakarta.servlet.jsp.jstl-api/3.0.0/jakarta.servlet.jsp.jstl-api-3.0.0.jar:/Users/denis/.m2/repository/jakarta/el/jakarta.el-api/5.0.0/jakarta.el-api-5.0.0.jar:/Users/denis/.m2/repository/org/glassfish/web/jakarta.servlet.jsp.jstl/3.0.1/jakarta.servlet.jsp.jstl-3.0.1.jar:/Users/denis/.m2/repository/org/eclipse/jetty/apache-jstl/11.0.0/apache-jstl-11.0.0.jar:/Users/denis/.m2/repository/org/mortbay/jasper/taglibs-standard/10.0.0-M10/taglibs-standard-10.0.0-M10.jar:/Users/denis/.m2/repository/org/slf4j/slf4j-api/2.0.5/slf4j-api-2.0.5.jar:/Users/denis/.m2/repository/org/slf4j/slf4j-reload4j/2.0.5/slf4j-reload4j-2.0.5.jar:/Users/denis/.m2/repository/ch/qos/reload4j/reload4j/1.2.22/reload4j-1.2.22.jar:/Users/denis/.m2/repository/org/apache/commons/commons-lang3/3.12.0/commons-lang3-3.12.0.jar:"/>
    <property name="java.vm.vendor" value="Oracle Corporation"/>
    <property name="sun.arch.data.model" value="64"/>
    <property name="java.vendor.url" value="https://java.oracle.com/"/>
    <property name="os.name" value="Mac OS X"/>
    <property name="java.vm.specification.version" value="19"/>
    <property name="sun.java.launcher" value="SUN_STANDARD"/>
    <property name="user.country" value="UA"/>
    <property name="sun.boot.library.path" value="/Library/Java/JavaVirtualMachines/jdk-19.jdk/Contents/Home/lib"/>
    <property name="sun.java.command" value="/Users/denis/Documents/Den/epam_lessons/fwdfinaltask/Railway/target/surefire/surefirebooter4468581486430394651.jar /Users/denis/Documents/Den/epam_lessons/fwdfinaltask/Railway/target/surefire 2023-01-04T16-11-26_516-jvmRun1 surefire13429925363649420930tmp surefire_015968986455780075934tmp"/>
    <property name="http.nonProxyHosts" value="local|*.local|169.254/16|*.169.254/16"/>
    <property name="jdk.debug" value="release"/>
    <property name="surefire.test.class.path" value="/Users/denis/Documents/Den/epam_lessons/fwdfinaltask/Railway/target/test-classes:/Users/denis/Documents/Den/epam_lessons/fwdfinaltask/Railway/target/classes:/Users/denis/.m2/repository/org/junit/jupiter/junit-jupiter-engine/5.9.1/junit-jupiter-engine-5.9.1.jar:/Users/denis/.m2/repository/org/junit/platform/junit-platform-engine/1.9.1/junit-platform-engine-1.9.1.jar:/Users/denis/.m2/repository/org/opentest4j/opentest4j/1.2.0/opentest4j-1.2.0.jar:/Users/denis/.m2/repository/org/junit/platform/junit-platform-commons/1.9.1/junit-platform-commons-1.9.1.jar:/Users/denis/.m2/repository/org/junit/jupiter/junit-jupiter-api/5.9.1/junit-jupiter-api-5.9.1.jar:/Users/denis/.m2/repository/org/apiguardian/apiguardian-api/1.1.2/apiguardian-api-1.1.2.jar:/Users/denis/.m2/repository/org/junit/jupiter/junit-jupiter-params/5.9.1/junit-jupiter-params-5.9.1.jar:/Users/denis/.m2/repository/com/zaxxer/HikariCP/5.0.1/HikariCP-5.0.1.jar:/Users/denis/.m2/repository/jakarta/servlet/jakarta.servlet-api/6.0.0/jakarta.servlet-api-6.0.0.jar:/Users/denis/.m2/repository/com/mysql/mysql-connector-j/8.0.31/mysql-connector-j-8.0.31.jar:/Users/denis/.m2/repository/com/google/protobuf/protobuf-java/3.19.4/protobuf-java-3.19.4.jar:/Users/denis/.m2/repository/jakarta/servlet/jsp/jakarta.servlet.jsp-api/3.1.0/jakarta.servlet.jsp-api-3.1.0.jar:/Users/denis/.m2/repository/jakarta/servlet/jsp/jstl/jakarta.servlet.jsp.jstl-api/3.0.0/jakarta.servlet.jsp.jstl-api-3.0.0.jar:/Users/denis/.m2/repository/jakarta/el/jakarta.el-api/5.0.0/jakarta.el-api-5.0.0.jar:/Users/denis/.m2/repository/org/glassfish/web/jakarta.servlet.jsp.jstl/3.0.1/jakarta.servlet.jsp.jstl-3.0.1.jar:/Users/denis/.m2/repository/org/eclipse/jetty/apache-jstl/11.0.0/apache-jstl-11.0.0.jar:/Users/denis/.m2/repository/org/mortbay/jasper/taglibs-standard/10.0.0-M10/taglibs-standard-10.0.0-M10.jar:/Users/denis/.m2/repository/org/slf4j/slf4j-api/2.0.5/slf4j-api-2.0.5.jar:/Users/denis/.m2/repository/org/slf4j/slf4j-reload4j/2.0.5/slf4j-reload4j-2.0.5.jar:/Users/denis/.m2/repository/ch/qos/reload4j/reload4j/1.2.22/reload4j-1.2.22.jar:/Users/denis/.m2/repository/org/apache/commons/commons-lang3/3.12.0/commons-lang3-3.12.0.jar:"/>
    <property name="sun.cpu.endian" value="little"/>
    <property name="user.home" value="/Users/denis"/>
    <property name="user.language" value="ru"/>
    <property name="java.specification.vendor" value="Oracle Corporation"/>
    <property name="java.version.date" value="2022-09-20"/>
    <property name="java.home" value="/Library/Java/JavaVirtualMachines/jdk-19.jdk/Contents/Home"/>
    <property name="file.separator" value="/"/>
    <property name="basedir" value="/Users/denis/Documents/Den/epam_lessons/fwdfinaltask/Railway"/>
    <property name="java.vm.compressedOopsMode" value="Zero based"/>
    <property name="line.separator" value="&#10;"/>
    <property name="java.vm.specification.vendor" value="Oracle Corporation"/>
    <property name="java.specification.name" value="Java Platform API Specification"/>
    <property name="apple.awt.application.name" value="ForkedBooter"/>
    <property name="surefire.real.class.path" value="/Users/denis/Documents/Den/epam_lessons/fwdfinaltask/Railway/target/surefire/surefirebooter4468581486430394651.jar"/>
    <property name="sun.management.compiler" value="HotSpot 64-Bit Tiered Compilers"/>
    <property name="ftp.nonProxyHosts" value="local|*.local|169.254/16|*.169.254/16"/>
    <property name="java.runtime.version" value="19+36-2238"/>
    <property name="user.name" value="denis"/>
    <property name="stdout.encoding" value="US-ASCII"/>
    <property name="path.separator" value=":"/>
    <property name="os.version" value="13.1"/>
    <property name="java.runtime.name" value="Java(TM) SE Runtime Environment"/>
    <property name="file.encoding" value="UTF-8"/>
    <property name="java.vm.name" value="Java HotSpot(TM) 64-Bit Server VM"/>
    <property name="localRepository" value="/Users/denis/.m2/repository"/>
    <property name="java.vendor.url.bug" value="https://bugreport.java.com/bugreport/"/>
    <property name="java.io.tmpdir" value="/var/folders/bz/7mv7z2g138v96mchvysfthhh0000gn/T/"/>
    <property name="idea.version" value="2022.1.2"/>
    <property name="java.version" value="19"/>
    <property name="user.dir" value="/Users/denis/Documents/Den/epam_lessons/fwdfinaltask/Railway"/>
    <property name="os.arch" value="aarch64"/>
    <property name="java.vm.specification.name" value="Java Virtual Machine Specification"/>
    <property name="native.encoding" value="US-ASCII"/>
    <property name="java.library.path" value="/Users/denis/Library/Java/Extensions:/Library/Java/Extensions:/Network/Library/Java/Extensions:/System/Library/Java/Extensions:/usr/lib/java:."/>
    <property name="java.vm.info" value="mixed mode, sharing"/>
    <property name="stderr.encoding" value="US-ASCII"/>
    <property name="java.vendor" value="Oracle Corporation"/>
    <property name="java.vm.version" value="19+36-2238"/>
    <property name="sun.io.unicode.encoding" value="UnicodeBig"/>
    <property name="socksNonProxyHosts" value="local|*.local|169.254/16|*.169.254/16"/>
    <property name="java.class.version" value="63.0"/>
  </properties>
  <testcase name="testGetUserByEmail" classname="com.epam.redkin.model.repository.TestUserRepository" time="0.009"/>
  <testcase name="testCreateAndReadUser[1]" classname="com.epam.redkin.model.repository.TestUserRepository" time="0.009"/>
  <testcase name="testCreateAndReadUser[2]" classname="com.epam.redkin.model.repository.TestUserRepository" time="0.006"/>
  <testcase name="testCreateAndReadUser[3]" classname="com.epam.redkin.model.repository.TestUserRepository" time="0.007"/>
  <testcase name="testCreateAndReadUser[4]" classname="com.epam.redkin.model.repository.TestUserRepository" time="0.006"/>
  <testcase name="testCreateAndReadUser[5]" classname="com.epam.redkin.model.repository.TestUserRepository" time="0.006"/>
  <testcase name="testCreateAndReadUser[6]" classname="com.epam.redkin.model.repository.TestUserRepository" time="0.008"/>
  <testcase name="testCreateAndReadUser[7]" classname="com.epam.redkin.model.repository.TestUserRepository" time="0.007"/>
  <testcase name="testCreateAndReadUser[8]" classname="com.epam.redkin.model.repository.TestUserRepository" time="0.006"/>
  <testcase name="testCreateAndReadUser[9]" classname="com.epam.redkin.model.repository.TestUserRepository" time="0.006"/>
  <testcase name="testCreateAndReadUser[10]" classname="com.epam.redkin.model.repository.TestUserRepository" time="0.007"/>
  <testcase name="testCreateAndReadUser[11]" classname="com.epam.redkin.model.repository.TestUserRepository" time="0.009"/>
  <testcase name="testCreateAndReadUser[12]" classname="com.epam.redkin.model.repository.TestUserRepository" time="0.008"/>
  <testcase name="testCreateAndReadUser[13]" classname="com.epam.redkin.model.repository.TestUserRepository" time="0.008"/>
  <testcase name="testCreateAndReadUser[14]" classname="com.epam.redkin.model.repository.TestUserRepository" time="0.009"/>
  <testcase name="testCreateAndReadUser[15]" classname="com.epam.redkin.model.repository.TestUserRepository" time="0.01"/>
  <testcase name="testCreateAndReadUser[16]" classname="com.epam.redkin.model.repository.TestUserRepository" time="0.007"/>
  <testcase name="testCreateAndReadUser[17]" classname="com.epam.redkin.model.repository.TestUserRepository" time="0.006"/>
  <testcase name="testCreateAndReadUser[18]" classname="com.epam.redkin.model.repository.TestUserRepository" time="0.006"/>
  <testcase name="testCreateAndReadUser[19]" classname="com.epam.redkin.model.repository.TestUserRepository" time="0.007"/>
  <testcase name="testCreateAndReadUser[20]" classname="com.epam.redkin.model.repository.TestUserRepository" time="0.006"/>
  <testcase name="testCreateAndReadUser[21]" classname="com.epam.redkin.model.repository.TestUserRepository" time="0.006"/>
  <testcase name="testCreateAndReadUser[22]" classname="com.epam.redkin.model.repository.TestUserRepository" time="0.007"/>
  <testcase name="testCreateAndReadUser[23]" classname="com.epam.redkin.model.repository.TestUserRepository" time="0.008"/>
  <testcase name="testCreateAndReadUser[24]" classname="com.epam.redkin.model.repository.TestUserRepository" time="0.007"/>
  <testcase name="testCreateAndReadUser[25]" classname="com.epam.redkin.model.repository.TestUserRepository" time="0.007"/>
  <testcase name="testCreateAndReadUser[26]" classname="com.epam.redkin.model.repository.TestUserRepository" time="0.007"/>
  <testcase name="testCreateAndReadUser[27]" classname="com.epam.redkin.model.repository.TestUserRepository" time="0.006"/>
  <testcase name="testCreateAndReadUser[28]" classname="com.epam.redkin.model.repository.TestUserRepository" time="0.007"/>
  <testcase name="testCreateAndReadUser[29]" classname="com.epam.redkin.model.repository.TestUserRepository" time="0.006"/>
  <testcase name="testCreateAndReadUser[30]" classname="com.epam.redkin.model.repository.TestUserRepository" time="0.006"/>
  <testcase name="testCreateAndReadUser[31]" classname="com.epam.redkin.model.repository.TestUserRepository" time="0.006"/>
  <testcase name="testCreateAndReadUser[32]" classname="com.epam.redkin.model.repository.TestUserRepository" time="0.007"/>
  <testcase name="testCreateAndReadUser[33]" classname="com.epam.redkin.model.repository.TestUserRepository" time="0.007"/>
  <testcase name="testCreateAndReadUser[34]" classname="com.epam.redkin.model.repository.TestUserRepository" time="0.006"/>
  <testcase name="testCreateAndReadUser[35]" classname="com.epam.redkin.model.repository.TestUserRepository" time="0.008"/>
  <testcase name="testCreateAndReadUser[36]" classname="com.epam.redkin.model.repository.TestUserRepository" time="0.006"/>
  <testcase name="testCreateAndReadUser[37]" classname="com.epam.redkin.model.repository.TestUserRepository" time="0.007"/>
  <testcase name="testCreateAndReadUser[38]" classname="com.epam.redkin.model.repository.TestUserRepository" time="0.006"/>
  <testcase name="testCreateAndReadUser[39]" classname="com.epam.redkin.model.repository.TestUserRepository" time="0.006"/>
  <testcase name="testCreateAndReadUser[40]" classname="com.epam.redkin.model.repository.TestUserRepository" time="0.005"/>
  <testcase name="testCreateAndReadUser[41]" classname="com.epam.redkin.model.repository.TestUserRepository" time="0.006"/>
  <testcase name="testCreateAndReadUser[42]" classname="com.epam.redkin.model.repository.TestUserRepository" time="0.007"/>
  <testcase name="testCreateAndReadUser[43]" classname="com.epam.redkin.model.repository.TestUserRepository" time="0.006"/>
  <testcase name="testCreateAndReadUser[44]" classname="com.epam.redkin.model.repository.TestUserRepository" time="0.007"/>
  <testcase name="testCreateAndReadUser[45]" classname="com.epam.redkin.model.repository.TestUserRepository" time="0.007"/>
  <testcase name="testCreateAndReadUser[46]" classname="com.epam.redkin.model.repository.TestUserRepository" time="0.007"/>
  <testcase name="testCreateAndReadUser[47]" classname="com.epam.redkin.model.repository.TestUserRepository" time="0.006"/>
  <testcase name="testCreateAndReadUser[48]" classname="com.epam.redkin.model.repository.TestUserRepository" time="0.007"/>
  <testcase name="testCreateAndReadUser[49]" classname="com.epam.redkin.model.repository.TestUserRepository" time="0.007"/>
  <testcase name="testCreateAndReadUser[50]" classname="com.epam.redkin.model.repository.TestUserRepository" time="0.007"/>
  <testcase name="testCreateAndReadUser[51]" classname="com.epam.redkin.model.repository.TestUserRepository" time="0.007"/>
  <testcase name="testCreateAndReadUser[52]" classname="com.epam.redkin.model.repository.TestUserRepository" time="0.008"/>
  <testcase name="testCreateAndReadUser[53]" classname="com.epam.redkin.model.repository.TestUserRepository" time="0.007"/>
  <testcase name="testCreateAndReadUser[54]" classname="com.epam.redkin.model.repository.TestUserRepository" time="0.006"/>
  <testcase name="testCreateAndReadUser[55]" classname="com.epam.redkin.model.repository.TestUserRepository" time="0.007"/>
  <testcase name="testCreateAndReadUser[56]" classname="com.epam.redkin.model.repository.TestUserRepository" time="0.006"/>
  <testcase name="testCreateAndReadUser[57]" classname="com.epam.redkin.model.repository.TestUserRepository" time="0.007"/>
  <testcase name="testCreateAndReadUser[58]" classname="com.epam.redkin.model.repository.TestUserRepository" time="0.006"/>
  <testcase name="testCreateAndReadUser[59]" classname="com.epam.redkin.model.repository.TestUserRepository" time="0.007"/>
  <testcase name="testCreateAndReadUser[60]" classname="com.epam.redkin.model.repository.TestUserRepository" time="0.006"/>
  <testcase name="testCreateAndReadUser[61]" classname="com.epam.redkin.model.repository.TestUserRepository" time="0.006"/>
  <testcase name="testCreateAndReadUser[62]" classname="com.epam.redkin.model.repository.TestUserRepository" time="0.006"/>
  <testcase name="testCreateAndReadUser[63]" classname="com.epam.redkin.model.repository.TestUserRepository" time="0.008"/>
  <testcase name="testCreateAndReadUser[64]" classname="com.epam.redkin.model.repository.TestUserRepository" time="0.006"/>
  <testcase name="testCreateAndReadUser[65]" classname="com.epam.redkin.model.repository.TestUserRepository" time="0.006"/>
  <testcase name="testCreateAndReadUser[66]" classname="com.epam.redkin.model.repository.TestUserRepository" time="0.006"/>
  <testcase name="testCreateAndReadUser[67]" classname="com.epam.redkin.model.repository.TestUserRepository" time="0.007"/>
  <testcase name="testCreateAndReadUser[68]" classname="com.epam.redkin.model.repository.TestUserRepository" time="0.006"/>
  <testcase name="testCreateAndReadUser[69]" classname="com.epam.redkin.model.repository.TestUserRepository" time="0.008"/>
  <testcase name="testCreateAndReadUser[70]" classname="com.epam.redkin.model.repository.TestUserRepository" time="0.007"/>
  <testcase name="testCreateAndReadUser[71]" classname="com.epam.redkin.model.repository.TestUserRepository" time="0.007"/>
  <testcase name="testCreateAndReadUser[72]" classname="com.epam.redkin.model.repository.TestUserRepository" time="0.009"/>
  <testcase name="testCreateAndReadUser[73]" classname="com.epam.redkin.model.repository.TestUserRepository" time="0.007"/>
  <testcase name="testCreateAndReadUser[74]" classname="com.epam.redkin.model.repository.TestUserRepository" time="0.006"/>
  <testcase name="testCreateAndReadUser[75]" classname="com.epam.redkin.model.repository.TestUserRepository" time="0.006"/>
  <testcase name="testCreateAndReadUser[76]" classname="com.epam.redkin.model.repository.TestUserRepository" time="0.007"/>
  <testcase name="testCreateAndReadUser[77]" classname="com.epam.redkin.model.repository.TestUserRepository" time="0.007"/>
  <testcase name="testCreateAndReadUser[78]" classname="com.epam.redkin.model.repository.TestUserRepository" time="0.006"/>
  <testcase name="testCreateAndReadUser[79]" classname="com.epam.redkin.model.repository.TestUserRepository" time="0.007"/>
  <testcase name="testCreateAndReadUser[80]" classname="com.epam.redkin.model.repository.TestUserRepository" time="0.006"/>
  <testcase name="testCreateAndReadUser[81]" classname="com.epam.redkin.model.repository.TestUserRepository" time="0.008"/>
  <testcase name="testCreateAndReadUser[82]" classname="com.epam.redkin.model.repository.TestUserRepository" time="0.006"/>
  <testcase name="testCreateAndReadUser[83]" classname="com.epam.redkin.model.repository.TestUserRepository" time="0.006"/>
  <testcase name="testCreateAndReadUser[84]" classname="com.epam.redkin.model.repository.TestUserRepository" time="0.007"/>
  <testcase name="testCreateAndReadUser[85]" classname="com.epam.redkin.model.repository.TestUserRepository" time="0.006"/>
  <testcase name="testCreateAndReadUser[86]" classname="com.epam.redkin.model.repository.TestUserRepository" time="0.006"/>
  <testcase name="testCreateAndReadUser[87]" classname="com.epam.redkin.model.repository.TestUserRepository" time="0.006"/>
  <testcase name="testCreateAndReadUser[88]" classname="com.epam.redkin.model.repository.TestUserRepository" time="0.007"/>
  <testcase name="testCreateAndReadUser[89]" classname="com.epam.redkin.model.repository.TestUserRepository" time="0.006"/>
  <testcase name="testCreateAndReadUser[90]" classname="com.epam.redkin.model.repository.TestUserRepository" time="0.007"/>
  <testcase name="testCreateAndReadUser[91]" classname="com.epam.redkin.model.repository.TestUserRepository" time="0.007"/>
  <testcase name="testCreateAndReadUser[92]" classname="com.epam.redkin.model.repository.TestUserRepository" time="0.008"/>
  <testcase name="testCreateAndReadUser[93]" classname="com.epam.redkin.model.repository.TestUserRepository" time="0.007"/>
  <testcase name="testCreateAndReadUser[94]" classname="com.epam.redkin.model.repository.TestUserRepository" time="0.006"/>
  <testcase name="testCreateAndReadUser[95]" classname="com.epam.redkin.model.repository.TestUserRepository" time="0.007"/>
  <testcase name="testCreateAndReadUser[96]" classname="com.epam.redkin.model.repository.TestUserRepository" time="0.006"/>
  <testcase name="testCreateAndReadUser[97]" classname="com.epam.redkin.model.repository.TestUserRepository" time="0.006"/>
  <testcase name="testCreateAndReadUser[98]" classname="com.epam.redkin.model.repository.TestUserRepository" time="0.007"/>
  <testcase name="testCreateAndReadUser[99]" classname="com.epam.redkin.model.repository.TestUserRepository" time="0.009"/>
  <testcase name="testCreateAndReadUser[100]" classname="com.epam.redkin.model.repository.TestUserRepository" time="0.006"/>
  <testcase name="testUpdateUser" classname="com.epam.redkin.model.repository.TestUserRepository" time="0.008"/>
  <testcase name="testUpdateUserBlockStatus" classname="com.epam.redkin.model.repository.TestUserRepository" time="0.009"/>
  <testcase name="testDeleteNotExistUser" classname="com.epam.redkin.model.repository.TestUserRepository" time="0.006"/>
  <testcase name="testGetUserByRoleWithNullValue" classname="com.epam.redkin.model.repository.TestUserRepository" time="0.007"/>
  <testcase name="testCreateNullUserParameter{String, String, String, String, String, LocalDate, Role, boolean}[1]" classname="com.epam.redkin.model.repository.TestUserRepository" time="0.017"/>
  <testcase name="testCreateNullUserParameter{String, String, String, String, String, LocalDate, Role, boolean}[2]" classname="com.epam.redkin.model.repository.TestUserRepository" time="0.007"/>
  <testcase name="testCreateNullUserParameter{String, String, String, String, String, LocalDate, Role, boolean}[3]" classname="com.epam.redkin.model.repository.TestUserRepository" time="0.007"/>
  <testcase name="testCreateNullUserParameter{String, String, String, String, String, LocalDate, Role, boolean}[4]" classname="com.epam.redkin.model.repository.TestUserRepository" time="0.008"/>
  <testcase name="testCreateNullUserParameter{String, String, String, String, String, LocalDate, Role, boolean}[5]" classname="com.epam.redkin.model.repository.TestUserRepository" time="0.007"/>
  <testcase name="testCreateNullUserParameter{String, String, String, String, String, LocalDate, Role, boolean}[6]" classname="com.epam.redkin.model.repository.TestUserRepository" time="0.008"/>
  <testcase name="testGetUserByEmailWithNullValue" classname="com.epam.redkin.model.repository.TestUserRepository" time="0.007"/>
  <testcase name="testGetUserByEmailWithNotExistEmail" classname="com.epam.redkin.model.repository.TestUserRepository" time="0.007"/>
  <testcase name="testReadNotExistUser" classname="com.epam.redkin.model.repository.TestUserRepository" time="0.008"/>
  <testcase name="testDeleteUser" classname="com.epam.redkin.model.repository.TestUserRepository" time="0.007"/>
  <testcase name="testCreateExistUser" classname="com.epam.redkin.model.repository.TestUserRepository" time="0.008"/>
  <testcase name="testGetUsersByRole" classname="com.epam.redkin.model.repository.TestUserRepository" time="0.007"/>
  <testcase name="testCheckUserByEmail" classname="com.epam.redkin.model.repository.TestUserRepository" time="0.007"/>
</testsuite>