<?xml version="1.0" encoding="UTF-8"?>
<testsuite xmlns:xsi="http://www.w3.org/2001/XMLSchema-instance" xsi:noNamespaceSchemaLocation="https://maven.apache.org/surefire/maven-surefire-plugin/xsd/surefire-test-report.xsd" name="com.epam.redkin.model.repository.TestOrderRepository" time="4.024" tests="133" errors="0" skipped="0" failures="0">
  <properties>
    <property name="java.specification.version" value="19"/>
    <property name="sun.jnu.encoding" value="UTF-8"/>
    <property name="java.class.path" value="/Users/denis/Documents/Den/epam_lessons/fwdfinaltask/Railway/target/test-classes:/Users/denis/Documents/Den/epam_lessons/fwdfinaltask/Railway/target/classes:/Users/denis/.m2/repository/org/junit/jupiter/junit-jupiter-engine/5.9.1/junit-jupiter-engine-5.9.1.jar:/Users/denis/.m2/repository/org/junit/platform/junit-platform-engine/1.9.1/junit-platform-engine-1.9.1.jar:/Users/denis/.m2/repository/org/opentest4j/opentest4j/1.2.0/opentest4j-1.2.0.jar:/Users/denis/.m2/repository/org/junit/platform/junit-platform-commons/1.9.1/junit-platform-commons-1.9.1.jar:/Users/denis/.m2/repository/org/junit/jupiter/junit-jupiter-api/5.9.1/junit-jupiter-api-5.9.1.jar:/Users/denis/.m2/repository/org/apiguardian/apiguardian-api/1.1.2/apiguardian-api-1.1.2.jar:/Users/denis/.m2/repository/org/junit/jupiter/junit-jupiter-params/5.9.1/junit-jupiter-params-5.9.1.jar:/Users/denis/.m2/repository/com/zaxxer/HikariCP/5.0.1/HikariCP-5.0.1.jar:/Users/denis/.m2/repository/jakarta/servlet/jakarta.servlet-api/6.0.0/jakarta.servlet-api-6.0.0.jar:/Users/denis/.m2/repository/com/mysql/mysql-connector-j/8.0.31/mysql-connector-j-8.0.31.jar:/Users/denis/.m2/repository/com/google/protobuf/protobuf-java/3.19.4/protobuf-java-3.19.4.jar:/Users/denis/.m2/repository/jakarta/servlet/jsp/jakarta.servlet.jsp-api/3.1.0/jakarta.servlet.jsp-api-3.1.0.jar:/Users/denis/.m2/repository/jakarta/servlet/jsp/jstl/jakarta.servlet.jsp.jstl-api/3.0.0/jakarta.servlet.jsp.jstl-api-3.0.0.jar:/Users/denis/.m2/repository/jakarta/el/jakarta.el-api/5.0.0/jakarta.el-api-5.0.0.jar:/Users/denis/.m2/repository/org/glassfish/web/jakarta.servlet.jsp.jstl/3.0.1/jakarta.servlet.jsp.jstl-3.0.1.jar:/Users/denis/.m2/repository/org/eclipse/jetty/apache-jstl/11.0.0/apache-jstl-11.0.0.jar:/Users/denis/.m2/repository/org/mortbay/jasper/taglibs-standard/10.0.0-M10/taglibs-standard-10.0.0-M10.jar:/Users/denis/.m2/repository/org/slf4j/slf4j-api/2.0.5/slf4j-api-2.0.5.jar:/Users/denis/.m2/repository/org/slf4j/slf4j-reload4j/2.0.5/slf4j-reload4j-2.0.5.jar:/Users/denis/.m2/repository/ch/qos/reload4j/reload4j/1.2.22/reload4j-1.2.22.jar:/Users/denis/.m2/repository/org/apache/commons/commons-lang3/3.12.0/commons-lang3-3.12.0.jar:"/>
    <property name="java.vm.vendor" value="Oracle Corporation"/>
    <property name="sun.arch.data.model" value="64"/>
    <property name="java.vendor.url" value="https://java.oracle.com/"/>
    <property name="os.name" value="Mac OS X"/>
    <property name="java.vm.specification.version" value="19"/>
    <property name="sun.java.launcher" value="SUN_STANDARD"/>
    <property name="user.country" value="UA"/>
    <property name="sun.boot.library.path" value="/Library/Java/JavaVirtualMachines/jdk-19.jdk/Contents/Home/lib"/>
    <property name="sun.java.command" value="/Users/denis/Documents/Den/epam_lessons/fwdfinaltask/Railway/target/surefire/surefirebooter8899275551691531917.jar /Users/denis/Documents/Den/epam_lessons/fwdfinaltask/Railway/target/surefire 2023-01-05T22-16-41_188-jvmRun1 surefire7902916062360834014tmp surefire_09012679289275295014tmp"/>
    <property name="http.nonProxyHosts" value="local|*.local|169.254/16|*.169.254/16"/>
    <property name="jdk.debug" value="release"/>
    <property name="surefire.test.class.path" value="/Users/denis/Documents/Den/epam_lessons/fwdfinaltask/Railway/target/test-classes:/Users/denis/Documents/Den/epam_lessons/fwdfinaltask/Railway/target/classes:/Users/denis/.m2/repository/org/junit/jupiter/junit-jupiter-engine/5.9.1/junit-jupiter-engine-5.9.1.jar:/Users/denis/.m2/repository/org/junit/platform/junit-platform-engine/1.9.1/junit-platform-engine-1.9.1.jar:/Users/denis/.m2/repository/org/opentest4j/opentest4j/1.2.0/opentest4j-1.2.0.jar:/Users/denis/.m2/repository/org/junit/platform/junit-platform-commons/1.9.1/junit-platform-commons-1.9.1.jar:/Users/denis/.m2/repository/org/junit/jupiter/junit-jupiter-api/5.9.1/junit-jupiter-api-5.9.1.jar:/Users/denis/.m2/repository/org/apiguardian/apiguardian-api/1.1.2/apiguardian-api-1.1.2.jar:/Users/denis/.m2/repository/org/junit/jupiter/junit-jupiter-params/5.9.1/junit-jupiter-params-5.9.1.jar:/Users/denis/.m2/repository/com/zaxxer/HikariCP/5.0.1/HikariCP-5.0.1.jar:/Users/denis/.m2/repository/jakarta/servlet/jakarta.servlet-api/6.0.0/jakarta.servlet-api-6.0.0.jar:/Users/denis/.m2/repository/com/mysql/mysql-connector-j/8.0.31/mysql-connector-j-8.0.31.jar:/Users/denis/.m2/repository/com/google/protobuf/protobuf-java/3.19.4/protobuf-java-3.19.4.jar:/Users/denis/.m2/repository/jakarta/servlet/jsp/jakarta.servlet.jsp-api/3.1.0/jakarta.servlet.jsp-api-3.1.0.jar:/Users/denis/.m2/repository/jakarta/servlet/jsp/jstl/jakarta.servlet.jsp.jstl-api/3.0.0/jakarta.servlet.jsp.jstl-api-3.0.0.jar:/Users/denis/.m2/repository/jakarta/el/jakarta.el-api/5.0.0/jakarta.el-api-5.0.0.jar:/Users/denis/.m2/repository/org/glassfish/web/jakarta.servlet.jsp.jstl/3.0.1/jakarta.servlet.jsp.jstl-3.0.1.jar:/Users/denis/.m2/repository/org/eclipse/jetty/apache-jstl/11.0.0/apache-jstl-11.0.0.jar:/Users/denis/.m2/repository/org/mortbay/jasper/taglibs-standard/10.0.0-M10/taglibs-standard-10.0.0-M10.jar:/Users/denis/.m2/repository/org/slf4j/slf4j-api/2.0.5/slf4j-api-2.0.5.jar:/Users/denis/.m2/repository/org/slf4j/slf4j-reload4j/2.0.5/slf4j-reload4j-2.0.5.jar:/Users/denis/.m2/repository/ch/qos/reload4j/reload4j/1.2.22/reload4j-1.2.22.jar:/Users/denis/.m2/repository/org/apache/commons/commons-lang3/3.12.0/commons-lang3-3.12.0.jar:"/>
    <property name="sun.cpu.endian" value="little"/>
    <property name="user.home" value="/Users/denis"/>
    <property name="user.language" value="ru"/>
    <property name="java.specification.vendor" value="Oracle Corporation"/>
    <property name="java.version.date" value="2022-09-20"/>
    <property name="java.home" value="/Library/Java/JavaVirtualMachines/jdk-19.jdk/Contents/Home"/>
    <property name="file.separator" value="/"/>
    <property name="basedir" value="/Users/denis/Documents/Den/epam_lessons/fwdfinaltask/Railway"/>
    <property name="java.vm.compressedOopsMode" value="Zero based"/>
    <property name="line.separator" value="&#10;"/>
    <property name="java.vm.specification.vendor" value="Oracle Corporation"/>
    <property name="java.specification.name" value="Java Platform API Specification"/>
    <property name="apple.awt.application.name" value="ForkedBooter"/>
    <property name="surefire.real.class.path" value="/Users/denis/Documents/Den/epam_lessons/fwdfinaltask/Railway/target/surefire/surefirebooter8899275551691531917.jar"/>
    <property name="sun.management.compiler" value="HotSpot 64-Bit Tiered Compilers"/>
    <property name="ftp.nonProxyHosts" value="local|*.local|169.254/16|*.169.254/16"/>
    <property name="java.runtime.version" value="19+36-2238"/>
    <property name="user.name" value="denis"/>
    <property name="stdout.encoding" value="US-ASCII"/>
    <property name="path.separator" value=":"/>
    <property name="os.version" value="13.1"/>
    <property name="java.runtime.name" value="Java(TM) SE Runtime Environment"/>
    <property name="file.encoding" value="UTF-8"/>
    <property name="java.vm.name" value="Java HotSpot(TM) 64-Bit Server VM"/>
    <property name="localRepository" value="/Users/denis/.m2/repository"/>
    <property name="java.vendor.url.bug" value="https://bugreport.java.com/bugreport/"/>
    <property name="java.io.tmpdir" value="/var/folders/bz/7mv7z2g138v96mchvysfthhh0000gn/T/"/>
    <property name="idea.version" value="2022.1.2"/>
    <property name="java.version" value="19"/>
    <property name="user.dir" value="/Users/denis/Documents/Den/epam_lessons/fwdfinaltask/Railway"/>
    <property name="os.arch" value="aarch64"/>
    <property name="java.vm.specification.name" value="Java Virtual Machine Specification"/>
    <property name="native.encoding" value="US-ASCII"/>
    <property name="java.library.path" value="/Users/denis/Library/Java/Extensions:/Library/Java/Extensions:/Network/Library/Java/Extensions:/System/Library/Java/Extensions:/usr/lib/java:."/>
    <property name="java.vm.info" value="mixed mode, sharing"/>
    <property name="stderr.encoding" value="US-ASCII"/>
    <property name="java.vendor" value="Oracle Corporation"/>
    <property name="java.vm.version" value="19+36-2238"/>
    <property name="sun.io.unicode.encoding" value="UnicodeBig"/>
    <property name="socksNonProxyHosts" value="local|*.local|169.254/16|*.169.254/16"/>
    <property name="java.class.version" value="63.0"/>
  </properties>
  <testcase name="testUpdateOrderStatus[1]" classname="com.epam.redkin.model.repository.TestOrderRepository" time="0.029"/>
  <testcase name="testUpdateOrderStatus[2]" classname="com.epam.redkin.model.repository.TestOrderRepository" time="0.023"/>
  <testcase name="testUpdateOrderStatus[3]" classname="com.epam.redkin.model.repository.TestOrderRepository" time="0.021"/>
  <testcase name="testUpdateOrderStatus[4]" classname="com.epam.redkin.model.repository.TestOrderRepository" time="0.021"/>
  <testcase name="testUpdateOrderStatus[5]" classname="com.epam.redkin.model.repository.TestOrderRepository" time="0.023"/>
  <testcase name="testUpdateOrderStatus[6]" classname="com.epam.redkin.model.repository.TestOrderRepository" time="0.02"/>
  <testcase name="testUpdateOrderStatus[7]" classname="com.epam.redkin.model.repository.TestOrderRepository" time="0.018"/>
  <testcase name="testUpdateOrderStatus[8]" classname="com.epam.redkin.model.repository.TestOrderRepository" time="0.02"/>
  <testcase name="testUpdateOrderStatus[9]" classname="com.epam.redkin.model.repository.TestOrderRepository" time="0.024"/>
  <testcase name="testUpdateOrderStatus[10]" classname="com.epam.redkin.model.repository.TestOrderRepository" time="0.028"/>
  <testcase name="testUpdateOrderStatus[11]" classname="com.epam.redkin.model.repository.TestOrderRepository" time="0.023"/>
  <testcase name="testUpdateOrderStatus[12]" classname="com.epam.redkin.model.repository.TestOrderRepository" time="0.019"/>
  <testcase name="testUpdateOrderStatus[13]" classname="com.epam.redkin.model.repository.TestOrderRepository" time="0.019"/>
  <testcase name="testUpdateOrderStatus[14]" classname="com.epam.redkin.model.repository.TestOrderRepository" time="0.019"/>
  <testcase name="testUpdateOrderStatus[15]" classname="com.epam.redkin.model.repository.TestOrderRepository" time="0.02"/>
  <testcase name="testUpdateOrderStatus[16]" classname="com.epam.redkin.model.repository.TestOrderRepository" time="0.019"/>
  <testcase name="testUpdateOrderStatus[17]" classname="com.epam.redkin.model.repository.TestOrderRepository" time="0.02"/>
  <testcase name="testUpdateOrderStatus[18]" classname="com.epam.redkin.model.repository.TestOrderRepository" time="0.021"/>
  <testcase name="testUpdateOrderStatus[19]" classname="com.epam.redkin.model.repository.TestOrderRepository" time="0.019"/>
  <testcase name="testUpdateOrderStatus[20]" classname="com.epam.redkin.model.repository.TestOrderRepository" time="0.019"/>
  <testcase name="testCreateAndReadOrder[1]" classname="com.epam.redkin.model.repository.TestOrderRepository" time="0.019"/>
  <testcase name="testCreateAndReadOrder[2]" classname="com.epam.redkin.model.repository.TestOrderRepository" time="0.018"/>
  <testcase name="testCreateAndReadOrder[3]" classname="com.epam.redkin.model.repository.TestOrderRepository" time="0.019"/>
  <testcase name="testCreateAndReadOrder[4]" classname="com.epam.redkin.model.repository.TestOrderRepository" time="0.017"/>
  <testcase name="testCreateAndReadOrder[5]" classname="com.epam.redkin.model.repository.TestOrderRepository" time="0.018"/>
  <testcase name="testCreateAndReadOrder[6]" classname="com.epam.redkin.model.repository.TestOrderRepository" time="0.018"/>
  <testcase name="testCreateAndReadOrder[7]" classname="com.epam.redkin.model.repository.TestOrderRepository" time="0.019"/>
  <testcase name="testCreateAndReadOrder[8]" classname="com.epam.redkin.model.repository.TestOrderRepository" time="0.02"/>
  <testcase name="testCreateAndReadOrder[9]" classname="com.epam.redkin.model.repository.TestOrderRepository" time="0.018"/>
  <testcase name="testCreateAndReadOrder[10]" classname="com.epam.redkin.model.repository.TestOrderRepository" time="0.018"/>
  <testcase name="testReadNotExistOrder" classname="com.epam.redkin.model.repository.TestOrderRepository" time="0.019"/>
  <testcase name="testGetAllOrders" classname="com.epam.redkin.model.repository.TestOrderRepository" time="0.024"/>
  <testcase name="testGetPriceOfSuccessfulOrders[1]" classname="com.epam.redkin.model.repository.TestOrderRepository" time="0.036"/>
  <testcase name="testGetPriceOfSuccessfulOrders[2]" classname="com.epam.redkin.model.repository.TestOrderRepository" time="0.033"/>
  <testcase name="testGetPriceOfSuccessfulOrders[3]" classname="com.epam.redkin.model.repository.TestOrderRepository" time="0.038"/>
  <testcase name="testGetPriceOfSuccessfulOrders[4]" classname="com.epam.redkin.model.repository.TestOrderRepository" time="0.034"/>
  <testcase name="testGetPriceOfSuccessfulOrders[5]" classname="com.epam.redkin.model.repository.TestOrderRepository" time="0.035"/>
  <testcase name="testGetPriceOfSuccessfulOrders[6]" classname="com.epam.redkin.model.repository.TestOrderRepository" time="0.044"/>
  <testcase name="testGetPriceOfSuccessfulOrders[7]" classname="com.epam.redkin.model.repository.TestOrderRepository" time="0.055"/>
  <testcase name="testGetPriceOfSuccessfulOrders[8]" classname="com.epam.redkin.model.repository.TestOrderRepository" time="0.04"/>
  <testcase name="testGetPriceOfSuccessfulOrders[9]" classname="com.epam.redkin.model.repository.TestOrderRepository" time="0.036"/>
  <testcase name="testGetPriceOfSuccessfulOrders[10]" classname="com.epam.redkin.model.repository.TestOrderRepository" time="0.031"/>
  <testcase name="testGetPriceOfSuccessfulOrders[11]" classname="com.epam.redkin.model.repository.TestOrderRepository" time="0.038"/>
  <testcase name="testGetPriceOfSuccessfulOrders[12]" classname="com.epam.redkin.model.repository.TestOrderRepository" time="0.031"/>
  <testcase name="testGetPriceOfSuccessfulOrders[13]" classname="com.epam.redkin.model.repository.TestOrderRepository" time="0.033"/>
  <testcase name="testGetPriceOfSuccessfulOrders[14]" classname="com.epam.redkin.model.repository.TestOrderRepository" time="0.034"/>
  <testcase name="testGetPriceOfSuccessfulOrders[15]" classname="com.epam.redkin.model.repository.TestOrderRepository" time="0.031"/>
  <testcase name="testGetPriceOfSuccessfulOrders[16]" classname="com.epam.redkin.model.repository.TestOrderRepository" time="0.035"/>
  <testcase name="testGetPriceOfSuccessfulOrders[17]" classname="com.epam.redkin.model.repository.TestOrderRepository" time="0.034"/>
  <testcase name="testGetPriceOfSuccessfulOrders[18]" classname="com.epam.redkin.model.repository.TestOrderRepository" time="0.033"/>
  <testcase name="testGetPriceOfSuccessfulOrders[19]" classname="com.epam.redkin.model.repository.TestOrderRepository" time="0.031"/>
  <testcase name="testGetPriceOfSuccessfulOrders[20]" classname="com.epam.redkin.model.repository.TestOrderRepository" time="0.032"/>
  <testcase name="testGetPriceOfSuccessfulOrders[21]" classname="com.epam.redkin.model.repository.TestOrderRepository" time="0.032"/>
  <testcase name="testGetPriceOfSuccessfulOrders[22]" classname="com.epam.redkin.model.repository.TestOrderRepository" time="0.031"/>
  <testcase name="testGetPriceOfSuccessfulOrders[23]" classname="com.epam.redkin.model.repository.TestOrderRepository" time="0.032"/>
  <testcase name="testGetPriceOfSuccessfulOrders[24]" classname="com.epam.redkin.model.repository.TestOrderRepository" time="0.036"/>
  <testcase name="testGetPriceOfSuccessfulOrders[25]" classname="com.epam.redkin.model.repository.TestOrderRepository" time="0.032"/>
  <testcase name="testGetPriceOfSuccessfulOrders[26]" classname="com.epam.redkin.model.repository.TestOrderRepository" time="0.032"/>
  <testcase name="testGetPriceOfSuccessfulOrders[27]" classname="com.epam.redkin.model.repository.TestOrderRepository" time="0.03"/>
  <testcase name="testGetPriceOfSuccessfulOrders[28]" classname="com.epam.redkin.model.repository.TestOrderRepository" time="0.029"/>
  <testcase name="testGetPriceOfSuccessfulOrders[29]" classname="com.epam.redkin.model.repository.TestOrderRepository" time="0.033"/>
  <testcase name="testGetPriceOfSuccessfulOrders[30]" classname="com.epam.redkin.model.repository.TestOrderRepository" time="0.029"/>
  <testcase name="testGetPriceOfSuccessfulOrders[31]" classname="com.epam.redkin.model.repository.TestOrderRepository" time="0.029"/>
  <testcase name="testGetPriceOfSuccessfulOrders[32]" classname="com.epam.redkin.model.repository.TestOrderRepository" time="0.03"/>
  <testcase name="testGetPriceOfSuccessfulOrders[33]" classname="com.epam.redkin.model.repository.TestOrderRepository" time="0.031"/>
  <testcase name="testGetPriceOfSuccessfulOrders[34]" classname="com.epam.redkin.model.repository.TestOrderRepository" time="0.029"/>
  <testcase name="testGetPriceOfSuccessfulOrders[35]" classname="com.epam.redkin.model.repository.TestOrderRepository" time="0.031"/>
  <testcase name="testGetPriceOfSuccessfulOrders[36]" classname="com.epam.redkin.model.repository.TestOrderRepository" time="0.043"/>
  <testcase name="testGetPriceOfSuccessfulOrders[37]" classname="com.epam.redkin.model.repository.TestOrderRepository" time="0.036"/>
  <testcase name="testGetPriceOfSuccessfulOrders[38]" classname="com.epam.redkin.model.repository.TestOrderRepository" time="0.033"/>
  <testcase name="testGetPriceOfSuccessfulOrders[39]" classname="com.epam.redkin.model.repository.TestOrderRepository" time="0.034"/>
  <testcase name="testGetPriceOfSuccessfulOrders[40]" classname="com.epam.redkin.model.repository.TestOrderRepository" time="0.032"/>
  <testcase name="testGetPriceOfSuccessfulOrders[41]" classname="com.epam.redkin.model.repository.TestOrderRepository" time="0.034"/>
  <testcase name="testGetPriceOfSuccessfulOrders[42]" classname="com.epam.redkin.model.repository.TestOrderRepository" time="0.033"/>
  <testcase name="testGetPriceOfSuccessfulOrders[43]" classname="com.epam.redkin.model.repository.TestOrderRepository" time="0.029"/>
  <testcase name="testGetPriceOfSuccessfulOrders[44]" classname="com.epam.redkin.model.repository.TestOrderRepository" time="0.034"/>
  <testcase name="testGetPriceOfSuccessfulOrders[45]" classname="com.epam.redkin.model.repository.TestOrderRepository" time="0.054"/>
  <testcase name="testGetPriceOfSuccessfulOrders[46]" classname="com.epam.redkin.model.repository.TestOrderRepository" time="0.038"/>
  <testcase name="testGetPriceOfSuccessfulOrders[47]" classname="com.epam.redkin.model.repository.TestOrderRepository" time="0.028"/>
  <testcase name="testGetPriceOfSuccessfulOrders[48]" classname="com.epam.redkin.model.repository.TestOrderRepository" time="0.032"/>
  <testcase name="testGetPriceOfSuccessfulOrders[49]" classname="com.epam.redkin.model.repository.TestOrderRepository" time="0.028"/>
  <testcase name="testGetPriceOfSuccessfulOrders[50]" classname="com.epam.redkin.model.repository.TestOrderRepository" time="0.031"/>
  <testcase name="testGetPriceOfSuccessfulOrders[51]" classname="com.epam.redkin.model.repository.TestOrderRepository" time="0.029"/>
  <testcase name="testGetPriceOfSuccessfulOrders[52]" classname="com.epam.redkin.model.repository.TestOrderRepository" time="0.029"/>
  <testcase name="testGetPriceOfSuccessfulOrders[53]" classname="com.epam.redkin.model.repository.TestOrderRepository" time="0.031"/>
  <testcase name="testGetPriceOfSuccessfulOrders[54]" classname="com.epam.redkin.model.repository.TestOrderRepository" time="0.032"/>
  <testcase name="testGetPriceOfSuccessfulOrders[55]" classname="com.epam.redkin.model.repository.TestOrderRepository" time="0.03"/>
  <testcase name="testGetPriceOfSuccessfulOrders[56]" classname="com.epam.redkin.model.repository.TestOrderRepository" time="0.03"/>
  <testcase name="testGetPriceOfSuccessfulOrders[57]" classname="com.epam.redkin.model.repository.TestOrderRepository" time="0.028"/>
  <testcase name="testGetPriceOfSuccessfulOrders[58]" classname="com.epam.redkin.model.repository.TestOrderRepository" time="0.029"/>
  <testcase name="testGetPriceOfSuccessfulOrders[59]" classname="com.epam.redkin.model.repository.TestOrderRepository" time="0.031"/>
  <testcase name="testGetPriceOfSuccessfulOrders[60]" classname="com.epam.redkin.model.repository.TestOrderRepository" time="0.031"/>
  <testcase name="testGetPriceOfSuccessfulOrders[61]" classname="com.epam.redkin.model.repository.TestOrderRepository" time="0.031"/>
  <testcase name="testGetPriceOfSuccessfulOrders[62]" classname="com.epam.redkin.model.repository.TestOrderRepository" time="0.029"/>
  <testcase name="testGetPriceOfSuccessfulOrders[63]" classname="com.epam.redkin.model.repository.TestOrderRepository" time="0.03"/>
  <testcase name="testGetPriceOfSuccessfulOrders[64]" classname="com.epam.redkin.model.repository.TestOrderRepository" time="0.032"/>
  <testcase name="testGetPriceOfSuccessfulOrders[65]" classname="com.epam.redkin.model.repository.TestOrderRepository" time="0.031"/>
  <testcase name="testGetPriceOfSuccessfulOrders[66]" classname="com.epam.redkin.model.repository.TestOrderRepository" time="0.028"/>
  <testcase name="testGetPriceOfSuccessfulOrders[67]" classname="com.epam.redkin.model.repository.TestOrderRepository" time="0.058"/>
  <testcase name="testGetPriceOfSuccessfulOrders[68]" classname="com.epam.redkin.model.repository.TestOrderRepository" time="0.03"/>
  <testcase name="testGetPriceOfSuccessfulOrders[69]" classname="com.epam.redkin.model.repository.TestOrderRepository" time="0.028"/>
  <testcase name="testGetPriceOfSuccessfulOrders[70]" classname="com.epam.redkin.model.repository.TestOrderRepository" time="0.029"/>
  <testcase name="testGetPriceOfSuccessfulOrders[71]" classname="com.epam.redkin.model.repository.TestOrderRepository" time="0.03"/>
  <testcase name="testGetPriceOfSuccessfulOrders[72]" classname="com.epam.redkin.model.repository.TestOrderRepository" time="0.029"/>
  <testcase name="testGetPriceOfSuccessfulOrders[73]" classname="com.epam.redkin.model.repository.TestOrderRepository" time="0.031"/>
  <testcase name="testGetPriceOfSuccessfulOrders[74]" classname="com.epam.redkin.model.repository.TestOrderRepository" time="0.03"/>
  <testcase name="testGetPriceOfSuccessfulOrders[75]" classname="com.epam.redkin.model.repository.TestOrderRepository" time="0.029"/>
  <testcase name="testGetPriceOfSuccessfulOrders[76]" classname="com.epam.redkin.model.repository.TestOrderRepository" time="0.028"/>
  <testcase name="testGetPriceOfSuccessfulOrders[77]" classname="com.epam.redkin.model.repository.TestOrderRepository" time="0.031"/>
  <testcase name="testGetPriceOfSuccessfulOrders[78]" classname="com.epam.redkin.model.repository.TestOrderRepository" time="0.031"/>
  <testcase name="testGetPriceOfSuccessfulOrders[79]" classname="com.epam.redkin.model.repository.TestOrderRepository" time="0.029"/>
  <testcase name="testGetPriceOfSuccessfulOrders[80]" classname="com.epam.redkin.model.repository.TestOrderRepository" time="0.032"/>
  <testcase name="testGetPriceOfSuccessfulOrders[81]" classname="com.epam.redkin.model.repository.TestOrderRepository" time="0.031"/>
  <testcase name="testGetPriceOfSuccessfulOrders[82]" classname="com.epam.redkin.model.repository.TestOrderRepository" time="0.031"/>
  <testcase name="testGetPriceOfSuccessfulOrders[83]" classname="com.epam.redkin.model.repository.TestOrderRepository" time="0.031"/>
  <testcase name="testGetPriceOfSuccessfulOrders[84]" classname="com.epam.redkin.model.repository.TestOrderRepository" time="0.029"/>
  <testcase name="testGetPriceOfSuccessfulOrders[85]" classname="com.epam.redkin.model.repository.TestOrderRepository" time="0.034"/>
  <testcase name="testGetPriceOfSuccessfulOrders[86]" classname="com.epam.redkin.model.repository.TestOrderRepository" time="0.031"/>
  <testcase name="testGetPriceOfSuccessfulOrders[87]" classname="com.epam.redkin.model.repository.TestOrderRepository" time="0.031"/>
  <testcase name="testGetPriceOfSuccessfulOrders[88]" classname="com.epam.redkin.model.repository.TestOrderRepository" time="0.029"/>
  <testcase name="testGetPriceOfSuccessfulOrders[89]" classname="com.epam.redkin.model.repository.TestOrderRepository" time="0.044"/>
  <testcase name="testGetPriceOfSuccessfulOrders[90]" classname="com.epam.redkin.model.repository.TestOrderRepository" time="0.043"/>
  <testcase name="testGetPriceOfSuccessfulOrders[91]" classname="com.epam.redkin.model.repository.TestOrderRepository" time="0.032"/>
  <testcase name="testGetPriceOfSuccessfulOrders[92]" classname="com.epam.redkin.model.repository.TestOrderRepository" time="0.031"/>
  <testcase name="testGetPriceOfSuccessfulOrders[93]" classname="com.epam.redkin.model.repository.TestOrderRepository" time="0.031"/>
  <testcase name="testGetPriceOfSuccessfulOrders[94]" classname="com.epam.redkin.model.repository.TestOrderRepository" time="0.03"/>
  <testcase name="testGetPriceOfSuccessfulOrders[95]" classname="com.epam.redkin.model.repository.TestOrderRepository" time="0.029"/>
  <testcase name="testGetPriceOfSuccessfulOrders[96]" classname="com.epam.redkin.model.repository.TestOrderRepository" time="0.03"/>
  <testcase name="testGetPriceOfSuccessfulOrders[97]" classname="com.epam.redkin.model.repository.TestOrderRepository" time="0.032"/>
  <testcase name="testGetPriceOfSuccessfulOrders[98]" classname="com.epam.redkin.model.repository.TestOrderRepository" time="0.069"/>
  <testcase name="testGetPriceOfSuccessfulOrders[99]" classname="com.epam.redkin.model.repository.TestOrderRepository" time="0.031"/>
  <testcase name="testGetPriceOfSuccessfulOrders[100]" classname="com.epam.redkin.model.repository.TestOrderRepository" time="0.032"/>
  <testcase name="testGetOrderByUserId" classname="com.epam.redkin.model.repository.TestOrderRepository" time="0.021"/>
</testsuite>